DEBUG      2015-11-04 10:27:54 fr.esigelec.garage.VoitureDAO:24 - Ajout d'une voiture...
DEBUG      2015-11-04 10:27:54 fr.esigelec.garage.VoitureDAO:25 - Voiture [id=0, immatriculation=AB-123-CD, modele=Peugeot 207, anneeConstruction=2007, km=100000]
DEBUG      2015-11-04 10:27:56 fr.esigelec.garage.VoitureDAO:31 - Ajout est fini.
DEBUG      2015-11-04 10:27:56 fr.esigelec.garage.VoitureDAO:99 - Recuperation d'une voiture avec idVoiture=1...
DEBUG      2015-11-04 10:27:56 fr.esigelec.garage.VoitureDAO:105 - Recuperation est finie.
DEBUG      2015-11-04 10:27:56 fr.esigelec.garage.VoitureDAO:106 - v=Voiture [id=1, immatriculation=AB-123-CD, modele=Peugeot 207, anneeConstruction=2007, km=100000]
DEBUG      2015-11-04 10:27:56 fr.esigelec.garage.VoitureDAO:116 - Recuperation de l'ensemble de voitures existante...
DEBUG      2015-11-04 10:27:56 fr.esigelec.garage.VoitureDAO:121 - hql=from Voiture
DEBUG      2015-11-04 10:27:56 fr.esigelec.garage.VoitureDAO:125 - Recuperation est finie
DEBUG      2015-11-04 10:27:56 fr.esigelec.garage.VoitureDAO:39 - Suppression d'une voiture...
DEBUG      2015-11-04 10:27:56 fr.esigelec.garage.VoitureDAO:40 - Voiture [id=1, immatriculation=AB-123-CD, modele=Peugeot 207, anneeConstruction=2007, km=100000]
DEBUG      2015-11-04 10:27:56 fr.esigelec.garage.VoitureDAO:46 - Suppression est finie.
DEBUG      2015-11-04 10:27:56 fr.esigelec.garage.VoitureDAO:39 - Suppression d'une voiture...
DEBUG      2015-11-04 10:27:56 fr.esigelec.garage.VoitureDAO:40 - Voiture [id=2, immatriculation=AB-123-CD, modele=Peugeot 207, anneeConstruction=2007, km=100000]
DEBUG      2015-11-04 10:27:56 fr.esigelec.garage.VoitureDAO:46 - Suppression est finie.
DEBUG      2015-11-10 10:01:49 fr.esigelec.garage.VoitureDAO:99 - Recuperation d'une voiture avec idVoiture=1...
DEBUG      2015-11-10 10:05:09 fr.esigelec.garage.VoitureDAO:99 - Recuperation d'une voiture avec idVoiture=1...
DEBUG      2015-11-15 15:26:12 fr.esigelec.garage.VoitureDAO:24 - Ajout d'une voiture...
DEBUG      2015-11-15 15:26:12 fr.esigelec.garage.VoitureDAO:25 - Voiture [id=0, immatriculation=BT-099-JY, modele=207, anneeConstruction=2007, km=250000]
DEBUG      2015-11-15 15:26:23 fr.esigelec.garage.VoitureDAO:99 - Recuperation d'une voiture avec idVoiture=1...
DEBUG      2015-11-15 15:26:23 fr.esigelec.garage.VoitureDAO:116 - Recuperation de l'ensemble de voitures existante...
DEBUG      2015-11-15 15:28:47 fr.esigelec.garage.VoitureDAO:24 - Ajout d'une voiture...
DEBUG      2015-11-15 15:28:47 fr.esigelec.garage.VoitureDAO:25 - Voiture [id=0, immatriculation=BT-099-JY, modele=207, anneeConstruction=2007, km=250000]
DEBUG      2015-11-15 15:28:50 fr.esigelec.garage.VoitureDAO:99 - Recuperation d'une voiture avec idVoiture=1...
DEBUG      2015-11-15 15:28:50 fr.esigelec.garage.VoitureDAO:116 - Recuperation de l'ensemble de voitures existante...
DEBUG      2015-11-15 15:41:50 fr.esigelec.garage.VoitureDAO:24 - Ajout d'une voiture...
DEBUG      2015-11-15 15:41:50 fr.esigelec.garage.VoitureDAO:25 - Voiture [id=0, immatriculation=AB-123-CD, modele=Peugeot 207, anneeConstruction=2007, km=100000]
DEBUG      2015-11-15 15:42:07 fr.esigelec.garage.VoitureDAO:24 - Ajout d'une voiture...
DEBUG      2015-11-15 15:42:07 fr.esigelec.garage.VoitureDAO:25 - Voiture [id=0, immatriculation=AB-123-CD, modele=Peugeot 207, anneeConstruction=2007, km=100000]
DEBUG      2015-11-15 15:43:29 fr.esigelec.garage.VoitureDAO:24 - Ajout d'une voiture...
DEBUG      2015-11-15 15:43:29 fr.esigelec.garage.VoitureDAO:25 - Voiture [id=0, immatriculation=AB-123-CD, modele=Peugeot 207, anneeConstruction=2007, km=100000]
DEBUG      2015-11-15 15:44:48 fr.esigelec.garage.VoitureDAO:24 - Ajout d'une voiture...
DEBUG      2015-11-15 15:44:48 fr.esigelec.garage.VoitureDAO:25 - Voiture [id=0, immatriculation=AB-123-CD, modele=Peugeot 207, anneeConstruction=2007, km=100000]
DEBUG      2015-11-15 15:45:22 fr.esigelec.garage.VoitureDAO:24 - Ajout d'une voiture...
DEBUG      2015-11-15 15:45:22 fr.esigelec.garage.VoitureDAO:25 - Voiture [id=0, immatriculation=AB-123-CD, modele=Peugeot 207, anneeConstruction=2007, km=100000]
DEBUG      2015-11-15 15:46:01 fr.esigelec.garage.VoitureDAO:24 - Ajout d'une voiture...
DEBUG      2015-11-15 15:46:01 fr.esigelec.garage.VoitureDAO:25 - Voiture [id=0, immatriculation=AB-123-CD, modele=Peugeot 207, anneeConstruction=2007, km=100000]
DEBUG      2015-11-15 15:50:53 fr.esigelec.garage.VoitureDAO:24 - Ajout d'une voiture...
DEBUG      2015-11-15 15:50:53 fr.esigelec.garage.VoitureDAO:25 - Voiture [id=50, immatriculation=AB-123-CD, modele=Peugeot 207, anneeConstruction=2007, km=100000]
DEBUG      2015-11-15 15:53:05 fr.esigelec.garage.VoitureDAO:24 - Ajout d'une voiture...
DEBUG      2015-11-15 15:53:05 fr.esigelec.garage.VoitureDAO:25 - Voiture [id=0, immatriculation=AB-123-CD, modele=Peugeot 207, anneeConstruction=2007, km=100000]
DEBUG      2015-11-15 15:53:15 fr.esigelec.garage.VoitureDAO:31 - Ajout est fini.
DEBUG      2015-11-15 15:53:15 fr.esigelec.garage.VoitureDAO:99 - Recuperation d'une voiture avec idVoiture=1...
DEBUG      2015-11-15 15:53:15 fr.esigelec.garage.VoitureDAO:105 - Recuperation est finie.
DEBUG      2015-11-15 15:53:15 fr.esigelec.garage.VoitureDAO:106 - v=Voiture [id=1, immatriculation=AB-123-CD, modele=Peugeot 207, anneeConstruction=2007, km=100000]
DEBUG      2015-11-15 15:53:15 fr.esigelec.garage.VoitureDAO:116 - Recuperation de l'ensemble de voitures existante...
DEBUG      2015-11-15 15:53:15 fr.esigelec.garage.VoitureDAO:121 - hql=from Voiture
DEBUG      2015-11-15 15:53:16 fr.esigelec.garage.VoitureDAO:125 - Recuperation est finie
DEBUG      2015-11-15 15:56:57 fr.esigelec.garage.VoitureDAO:24 - Ajout d'une voiture...
DEBUG      2015-11-15 15:56:57 fr.esigelec.garage.VoitureDAO:25 - Voiture [id=0, immatriculation=BT-099-JY, modele=207, anneeConstruction=2007, km=250000]
DEBUG      2015-11-15 15:57:04 fr.esigelec.garage.VoitureDAO:31 - Ajout est fini.
DEBUG      2015-11-15 16:32:18 fr.esigelec.garage.VoitureDAO:24 - Ajout d'une voiture...
DEBUG      2015-11-15 16:32:18 fr.esigelec.garage.VoitureDAO:25 - Voiture [id=0, immatriculation=BT-099-JY, modele=207, anneeConstruction=2007, km=250000]
DEBUG      2015-11-15 16:32:26 fr.esigelec.garage.VoitureDAO:31 - Ajout est fini.
DEBUG      2015-11-15 16:32:26 fr.esigelec.garage.VoitureDAO:99 - Recuperation d'une voiture avec idVoiture=3...
DEBUG      2015-11-15 16:32:26 fr.esigelec.garage.VoitureDAO:105 - Recuperation est finie.
DEBUG      2015-11-15 16:32:26 fr.esigelec.garage.VoitureDAO:106 - v=Voiture [id=3, immatriculation=BT-099-JY, modele=207, anneeConstruction=2007, km=250000]
DEBUG      2015-11-15 16:32:26 fr.esigelec.garage.VoitureDAO:116 - Recuperation de l'ensemble de voitures existante...
DEBUG      2015-11-15 16:32:26 fr.esigelec.garage.VoitureDAO:121 - hql=from Voiture
DEBUG      2015-11-15 16:32:27 fr.esigelec.garage.VoitureDAO:125 - Recuperation est finie
DEBUG      2015-11-15 16:35:44 fr.esigelec.garage.VoitureDAO:24 - Ajout d'une voiture...
DEBUG      2015-11-15 16:35:44 fr.esigelec.garage.VoitureDAO:25 - Voiture [id=0, immatriculation=BT-099-JY, modele=207, anneeConstruction=2007, km=250000]
DEBUG      2015-11-15 16:35:50 fr.esigelec.garage.VoitureDAO:31 - Ajout est fini.
DEBUG      2015-11-15 16:35:50 fr.esigelec.garage.VoitureDAO:99 - Recuperation d'une voiture avec idVoiture=4...
DEBUG      2015-11-15 16:35:50 fr.esigelec.garage.VoitureDAO:105 - Recuperation est finie.
DEBUG      2015-11-15 16:35:50 fr.esigelec.garage.VoitureDAO:106 - v=Voiture [id=4, immatriculation=BT-099-JY, modele=207, anneeConstruction=2007, km=250000]
DEBUG      2015-11-15 16:35:50 fr.esigelec.garage.VoitureDAO:116 - Recuperation de l'ensemble de voitures existante...
DEBUG      2015-11-15 16:35:50 fr.esigelec.garage.VoitureDAO:121 - hql=from Voiture
DEBUG      2015-11-15 16:35:50 fr.esigelec.garage.VoitureDAO:125 - Recuperation est finie
DEBUG      2015-11-15 16:39:40 fr.esigelec.garage.VoitureDAO:24 - Ajout d'une voiture...
DEBUG      2015-11-15 16:39:40 fr.esigelec.garage.VoitureDAO:25 - Voiture [id=0, immatriculation=BT-099-JY, modele=207, anneeConstruction=2007, km=250000]
DEBUG      2015-11-15 16:39:49 fr.esigelec.garage.VoitureDAO:31 - Ajout est fini.
DEBUG      2015-11-15 16:39:49 fr.esigelec.garage.VoitureDAO:99 - Recuperation d'une voiture avec idVoiture=5...
DEBUG      2015-11-15 16:39:49 fr.esigelec.garage.VoitureDAO:105 - Recuperation est finie.
DEBUG      2015-11-15 16:39:49 fr.esigelec.garage.VoitureDAO:106 - v=Voiture [id=5, immatriculation=BT-099-JY, modele=207, anneeConstruction=2007, km=250000]
DEBUG      2015-11-15 16:39:49 fr.esigelec.garage.VoitureDAO:116 - Recuperation de l'ensemble de voitures existante...
DEBUG      2015-11-15 16:39:49 fr.esigelec.garage.VoitureDAO:121 - hql=from Voiture
DEBUG      2015-11-15 16:39:49 fr.esigelec.garage.VoitureDAO:125 - Recuperation est finie
DEBUG      2015-11-15 16:40:18 fr.esigelec.garage.VoitureDAO:24 - Ajout d'une voiture...
DEBUG      2015-11-15 16:40:18 fr.esigelec.garage.VoitureDAO:25 - Voiture [id=0, immatriculation=BT-099-JY, modele=207, anneeConstruction=2007, km=250000]
DEBUG      2015-11-15 16:40:26 fr.esigelec.garage.VoitureDAO:31 - Ajout est fini.
DEBUG      2015-11-15 16:40:26 fr.esigelec.garage.VoitureDAO:99 - Recuperation d'une voiture avec idVoiture=6...
DEBUG      2015-11-15 16:40:26 fr.esigelec.garage.VoitureDAO:105 - Recuperation est finie.
DEBUG      2015-11-15 16:40:26 fr.esigelec.garage.VoitureDAO:106 - v=Voiture [id=6, immatriculation=BT-099-JY, modele=207, anneeConstruction=2007, km=250000]
DEBUG      2015-11-15 16:40:26 fr.esigelec.garage.VoitureDAO:116 - Recuperation de l'ensemble de voitures existante...
DEBUG      2015-11-15 16:40:26 fr.esigelec.garage.VoitureDAO:121 - hql=from Voiture
DEBUG      2015-11-15 16:40:27 fr.esigelec.garage.VoitureDAO:125 - Recuperation est finie
DEBUG      2015-11-15 16:45:01 fr.esigelec.garage.VoitureDAO:24 - Ajout d'une voiture...
DEBUG      2015-11-15 16:45:01 fr.esigelec.garage.VoitureDAO:25 - Voiture [id=0, immatriculation=BT-099-JY, modele=207, anneeConstruction=2007, km=250000]
DEBUG      2015-11-15 16:45:08 fr.esigelec.garage.VoitureDAO:31 - Ajout est fini.
DEBUG      2015-11-15 16:45:08 fr.esigelec.garage.VoitureDAO:99 - Recuperation d'une voiture avec idVoiture=7...
DEBUG      2015-11-15 16:45:08 fr.esigelec.garage.VoitureDAO:105 - Recuperation est finie.
DEBUG      2015-11-15 16:45:08 fr.esigelec.garage.VoitureDAO:106 - v=Voiture [id=7, immatriculation=BT-099-JY, modele=207, anneeConstruction=2007, km=250000]
DEBUG      2015-11-15 16:45:08 fr.esigelec.garage.VoitureDAO:116 - Recuperation de l'ensemble de voitures existante...
DEBUG      2015-11-15 16:45:08 fr.esigelec.garage.VoitureDAO:121 - hql=from Voiture
DEBUG      2015-11-15 16:45:09 fr.esigelec.garage.VoitureDAO:125 - Recuperation est finie
DEBUG      2015-11-15 16:45:48 fr.esigelec.garage.VoitureDAO:24 - Ajout d'une voiture...
DEBUG      2015-11-15 16:45:48 fr.esigelec.garage.VoitureDAO:25 - Voiture [id=0, immatriculation=BT-099-JY, modele=207, anneeConstruction=2007, km=250000]
DEBUG      2015-11-15 16:45:56 fr.esigelec.garage.VoitureDAO:31 - Ajout est fini.
DEBUG      2015-11-15 16:45:56 fr.esigelec.garage.VoitureDAO:99 - Recuperation d'une voiture avec idVoiture=8...
DEBUG      2015-11-15 16:45:57 fr.esigelec.garage.VoitureDAO:105 - Recuperation est finie.
DEBUG      2015-11-15 16:45:57 fr.esigelec.garage.VoitureDAO:106 - v=Voiture [id=8, immatriculation=BT-099-JY, modele=207, anneeConstruction=2007, km=250000]
DEBUG      2015-11-15 16:45:57 fr.esigelec.garage.VoitureDAO:116 - Recuperation de l'ensemble de voitures existante...
DEBUG      2015-11-15 16:45:57 fr.esigelec.garage.VoitureDAO:121 - hql=from Voiture
DEBUG      2015-11-15 16:45:57 fr.esigelec.garage.VoitureDAO:125 - Recuperation est finie
DEBUG      2015-11-15 16:49:05 fr.esigelec.garage.VoitureDAO:24 - Ajout d'une voiture...
DEBUG      2015-11-15 16:49:05 fr.esigelec.garage.VoitureDAO:25 - Voiture [id=0, immatriculation=BT-099-JY, modele=207, anneeConstruction=2007, km=250000]
DEBUG      2015-11-15 16:49:13 fr.esigelec.garage.VoitureDAO:31 - Ajout est fini.
DEBUG      2015-11-15 16:49:13 fr.esigelec.garage.VoitureDAO:99 - Recuperation d'une voiture avec idVoiture=9...
DEBUG      2015-11-15 16:49:13 fr.esigelec.garage.VoitureDAO:105 - Recuperation est finie.
DEBUG      2015-11-15 16:49:13 fr.esigelec.garage.VoitureDAO:106 - v=Voiture [id=9, immatriculation=BT-099-JY, modele=207, anneeConstruction=2007, km=250000]
DEBUG      2015-11-15 16:49:13 fr.esigelec.garage.VoitureDAO:116 - Recuperation de l'ensemble de voitures existante...
DEBUG      2015-11-15 16:49:13 fr.esigelec.garage.VoitureDAO:121 - hql=from Voiture
DEBUG      2015-11-15 16:49:13 fr.esigelec.garage.VoitureDAO:125 - Recuperation est finie
DEBUG      2015-11-15 16:50:39 fr.esigelec.garage.VoitureDAO:99 - Recuperation d'une voiture avec idVoiture=0...
DEBUG      2015-11-15 16:50:48 fr.esigelec.garage.VoitureDAO:105 - Recuperation est finie.
DEBUG      2015-11-15 16:50:48 fr.esigelec.garage.VoitureDAO:106 - v=null
DEBUG      2015-11-15 16:51:53 fr.esigelec.garage.VoitureDAO:24 - Ajout d'une voiture...
DEBUG      2015-11-15 16:51:53 fr.esigelec.garage.VoitureDAO:25 - Voiture [id=0, immatriculation=BT-099-JY, modele=207, anneeConstruction=2007, km=250000]
DEBUG      2015-11-15 16:52:01 fr.esigelec.garage.VoitureDAO:31 - Ajout est fini.
DEBUG      2015-11-15 16:52:01 fr.esigelec.garage.VoitureDAO:99 - Recuperation d'une voiture avec idVoiture=10...
DEBUG      2015-11-15 16:52:01 fr.esigelec.garage.VoitureDAO:105 - Recuperation est finie.
DEBUG      2015-11-15 16:52:01 fr.esigelec.garage.VoitureDAO:106 - v=Voiture [id=10, immatriculation=BT-099-JY, modele=207, anneeConstruction=2007, km=250000]
DEBUG      2015-11-15 16:52:01 fr.esigelec.garage.VoitureDAO:116 - Recuperation de l'ensemble de voitures existante...
DEBUG      2015-11-15 16:52:01 fr.esigelec.garage.VoitureDAO:121 - hql=from Voiture
DEBUG      2015-11-15 16:52:02 fr.esigelec.garage.VoitureDAO:125 - Recuperation est finie
DEBUG      2015-11-15 16:59:03 fr.esigelec.garage.VoitureDAO:54 - Suppression d'une voiture (avec idVoiture)...
DEBUG      2015-11-15 16:59:03 fr.esigelec.garage.VoitureDAO:55 - idVoiture=0
DEBUG      2015-11-15 16:59:11 fr.esigelec.garage.VoitureDAO:60 - hql=delete from Voiture where id = :idVoiture
DEBUG      2015-11-15 16:59:12 fr.esigelec.garage.VoitureDAO:66 - Suppresion est finie.
DEBUG      2015-11-15 16:59:28 fr.esigelec.garage.VoitureDAO:24 - Ajout d'une voiture...
DEBUG      2015-11-15 16:59:28 fr.esigelec.garage.VoitureDAO:25 - Voiture [id=0, immatriculation=BT-099-JY, modele=207, anneeConstruction=2007, km=250000]
DEBUG      2015-11-15 16:59:36 fr.esigelec.garage.VoitureDAO:31 - Ajout est fini.
DEBUG      2015-11-15 16:59:36 fr.esigelec.garage.VoitureDAO:99 - Recuperation d'une voiture avec idVoiture=11...
DEBUG      2015-11-15 16:59:36 fr.esigelec.garage.VoitureDAO:105 - Recuperation est finie.
DEBUG      2015-11-15 16:59:36 fr.esigelec.garage.VoitureDAO:106 - v=Voiture [id=11, immatriculation=BT-099-JY, modele=207, anneeConstruction=2007, km=250000]
DEBUG      2015-11-15 16:59:36 fr.esigelec.garage.VoitureDAO:116 - Recuperation de l'ensemble de voitures existante...
DEBUG      2015-11-15 16:59:36 fr.esigelec.garage.VoitureDAO:121 - hql=from Voiture
DEBUG      2015-11-15 16:59:36 fr.esigelec.garage.VoitureDAO:125 - Recuperation est finie
DEBUG      2015-11-15 16:59:36 fr.esigelec.garage.VoitureDAO:54 - Suppression d'une voiture (avec idVoiture)...
DEBUG      2015-11-15 16:59:36 fr.esigelec.garage.VoitureDAO:55 - idVoiture=11
DEBUG      2015-11-15 16:59:36 fr.esigelec.garage.VoitureDAO:60 - hql=delete from Voiture where id = :idVoiture
DEBUG      2015-11-15 16:59:37 fr.esigelec.garage.VoitureDAO:66 - Suppresion est finie.
DEBUG      2015-11-15 17:01:22 fr.esigelec.garage.VoitureDAO:24 - Ajout d'une voiture...
DEBUG      2015-11-15 17:01:22 fr.esigelec.garage.VoitureDAO:25 - Voiture [id=0, immatriculation=BT-099-JY, modele=207, anneeConstruction=2007, km=250000]
DEBUG      2015-11-15 17:01:31 fr.esigelec.garage.VoitureDAO:31 - Ajout est fini.
DEBUG      2015-11-15 17:01:31 fr.esigelec.garage.VoitureDAO:99 - Recuperation d'une voiture avec idVoiture=12...
DEBUG      2015-11-15 17:01:31 fr.esigelec.garage.VoitureDAO:105 - Recuperation est finie.
DEBUG      2015-11-15 17:01:31 fr.esigelec.garage.VoitureDAO:106 - v=Voiture [id=12, immatriculation=BT-099-JY, modele=207, anneeConstruction=2007, km=250000]
DEBUG      2015-11-15 17:01:31 fr.esigelec.garage.VoitureDAO:116 - Recuperation de l'ensemble de voitures existante...
DEBUG      2015-11-15 17:01:31 fr.esigelec.garage.VoitureDAO:121 - hql=from Voiture
DEBUG      2015-11-15 17:01:31 fr.esigelec.garage.VoitureDAO:125 - Recuperation est finie
DEBUG      2015-11-15 17:01:31 fr.esigelec.garage.VoitureDAO:54 - Suppression d'une voiture (avec idVoiture)...
DEBUG      2015-11-15 17:01:31 fr.esigelec.garage.VoitureDAO:55 - idVoiture=12
DEBUG      2015-11-15 17:01:31 fr.esigelec.garage.VoitureDAO:60 - hql=delete from Voiture where id = :idVoiture
DEBUG      2015-11-15 17:01:32 fr.esigelec.garage.VoitureDAO:66 - Suppresion est finie.
DEBUG      2015-11-15 17:01:32 fr.esigelec.garage.VoitureDAO:99 - Recuperation d'une voiture avec idVoiture=12...
DEBUG      2015-11-15 17:01:32 fr.esigelec.garage.VoitureDAO:105 - Recuperation est finie.
DEBUG      2015-11-15 17:01:32 fr.esigelec.garage.VoitureDAO:106 - v=null
DEBUG      2015-11-15 17:02:41 fr.esigelec.garage.VoitureDAO:24 - Ajout d'une voiture...
DEBUG      2015-11-15 17:02:41 fr.esigelec.garage.VoitureDAO:25 - Voiture [id=0, immatriculation=BT-099-JY, modele=207, anneeConstruction=2007, km=250000]
DEBUG      2015-11-15 17:02:50 fr.esigelec.garage.VoitureDAO:31 - Ajout est fini.
DEBUG      2015-11-15 17:02:50 fr.esigelec.garage.VoitureDAO:99 - Recuperation d'une voiture avec idVoiture=13...
DEBUG      2015-11-15 17:02:50 fr.esigelec.garage.VoitureDAO:105 - Recuperation est finie.
DEBUG      2015-11-15 17:02:50 fr.esigelec.garage.VoitureDAO:106 - v=Voiture [id=13, immatriculation=BT-099-JY, modele=207, anneeConstruction=2007, km=250000]
DEBUG      2015-11-15 17:02:50 fr.esigelec.garage.VoitureDAO:116 - Recuperation de l'ensemble de voitures existante...
DEBUG      2015-11-15 17:02:50 fr.esigelec.garage.VoitureDAO:121 - hql=from Voiture
DEBUG      2015-11-15 17:02:50 fr.esigelec.garage.VoitureDAO:125 - Recuperation est finie
DEBUG      2015-11-15 17:02:50 fr.esigelec.garage.VoitureDAO:54 - Suppression d'une voiture (avec idVoiture)...
DEBUG      2015-11-15 17:02:50 fr.esigelec.garage.VoitureDAO:55 - idVoiture=13
DEBUG      2015-11-15 17:02:50 fr.esigelec.garage.VoitureDAO:60 - hql=delete from Voiture where id = :idVoiture
DEBUG      2015-11-15 17:02:50 fr.esigelec.garage.VoitureDAO:66 - Suppresion est finie.
DEBUG      2015-11-15 17:02:50 fr.esigelec.garage.VoitureDAO:99 - Recuperation d'une voiture avec idVoiture=13...
DEBUG      2015-11-15 17:02:50 fr.esigelec.garage.VoitureDAO:105 - Recuperation est finie.
DEBUG      2015-11-15 17:02:50 fr.esigelec.garage.VoitureDAO:106 - v=null
DEBUG      2015-11-15 17:05:40 fr.esigelec.garage.VoitureDAO:24 - Ajout d'une voiture...
DEBUG      2015-11-15 17:05:40 fr.esigelec.garage.VoitureDAO:25 - Voiture [id=0, immatriculation=BT-099-JY, modele=207, anneeConstruction=2007, km=250000]
DEBUG      2015-11-15 17:05:49 fr.esigelec.garage.VoitureDAO:31 - Ajout est fini.
DEBUG      2015-11-15 17:05:49 fr.esigelec.garage.VoitureDAO:99 - Recuperation d'une voiture avec idVoiture=14...
DEBUG      2015-11-15 17:05:49 fr.esigelec.garage.VoitureDAO:105 - Recuperation est finie.
DEBUG      2015-11-15 17:05:49 fr.esigelec.garage.VoitureDAO:106 - v=Voiture [id=14, immatriculation=BT-099-JY, modele=207, anneeConstruction=2007, km=250000]
DEBUG      2015-11-15 17:05:49 fr.esigelec.garage.VoitureDAO:116 - Recuperation de l'ensemble de voitures existante...
DEBUG      2015-11-15 17:05:49 fr.esigelec.garage.VoitureDAO:121 - hql=from Voiture
DEBUG      2015-11-15 17:05:50 fr.esigelec.garage.VoitureDAO:125 - Recuperation est finie
DEBUG      2015-11-15 17:05:50 fr.esigelec.garage.VoitureDAO:54 - Suppression d'une voiture (avec idVoiture)...
DEBUG      2015-11-15 17:05:50 fr.esigelec.garage.VoitureDAO:55 - idVoiture=14
DEBUG      2015-11-15 17:05:50 fr.esigelec.garage.VoitureDAO:60 - hql=delete from Voiture where id = :idVoiture
DEBUG      2015-11-15 17:05:50 fr.esigelec.garage.VoitureDAO:66 - Suppresion est finie.
DEBUG      2015-11-15 17:05:50 fr.esigelec.garage.VoitureDAO:99 - Recuperation d'une voiture avec idVoiture=14...
DEBUG      2015-11-15 17:05:50 fr.esigelec.garage.VoitureDAO:105 - Recuperation est finie.
DEBUG      2015-11-15 17:05:50 fr.esigelec.garage.VoitureDAO:106 - v=null
DEBUG      2015-11-15 17:06:03 fr.esigelec.garage.VoitureDAO:24 - Ajout d'une voiture...
DEBUG      2015-11-15 17:06:03 fr.esigelec.garage.VoitureDAO:25 - Voiture [id=0, immatriculation=BT-099-JY, modele=207, anneeConstruction=2007, km=250000]
DEBUG      2015-11-15 17:06:11 fr.esigelec.garage.VoitureDAO:31 - Ajout est fini.
DEBUG      2015-11-15 17:06:11 fr.esigelec.garage.VoitureDAO:99 - Recuperation d'une voiture avec idVoiture=15...
DEBUG      2015-11-15 17:06:11 fr.esigelec.garage.VoitureDAO:105 - Recuperation est finie.
DEBUG      2015-11-15 17:06:11 fr.esigelec.garage.VoitureDAO:106 - v=Voiture [id=15, immatriculation=BT-099-JY, modele=207, anneeConstruction=2007, km=250000]
DEBUG      2015-11-15 17:06:11 fr.esigelec.garage.VoitureDAO:116 - Recuperation de l'ensemble de voitures existante...
DEBUG      2015-11-15 17:06:11 fr.esigelec.garage.VoitureDAO:121 - hql=from Voiture
DEBUG      2015-11-15 17:06:11 fr.esigelec.garage.VoitureDAO:125 - Recuperation est finie
DEBUG      2015-11-15 17:06:11 fr.esigelec.garage.VoitureDAO:54 - Suppression d'une voiture (avec idVoiture)...
DEBUG      2015-11-15 17:06:11 fr.esigelec.garage.VoitureDAO:55 - idVoiture=15
DEBUG      2015-11-15 17:06:11 fr.esigelec.garage.VoitureDAO:60 - hql=delete from Voiture where id = :idVoiture
DEBUG      2015-11-15 17:06:11 fr.esigelec.garage.VoitureDAO:66 - Suppresion est finie.
DEBUG      2015-11-15 17:06:11 fr.esigelec.garage.VoitureDAO:99 - Recuperation d'une voiture avec idVoiture=15...
DEBUG      2015-11-15 17:06:11 fr.esigelec.garage.VoitureDAO:105 - Recuperation est finie.
DEBUG      2015-11-15 17:06:11 fr.esigelec.garage.VoitureDAO:106 - v=null
DEBUG      2015-11-15 17:06:32 fr.esigelec.garage.VoitureDAO:24 - Ajout d'une voiture...
DEBUG      2015-11-15 17:06:32 fr.esigelec.garage.VoitureDAO:25 - Voiture [id=0, immatriculation=BT-099-JY, modele=207, anneeConstruction=2007, km=250000]
DEBUG      2015-11-15 17:06:41 fr.esigelec.garage.VoitureDAO:31 - Ajout est fini.
DEBUG      2015-11-15 17:06:41 fr.esigelec.garage.VoitureDAO:99 - Recuperation d'une voiture avec idVoiture=16...
DEBUG      2015-11-15 17:06:41 fr.esigelec.garage.VoitureDAO:105 - Recuperation est finie.
DEBUG      2015-11-15 17:06:41 fr.esigelec.garage.VoitureDAO:106 - v=Voiture [id=16, immatriculation=BT-099-JY, modele=207, anneeConstruction=2007, km=250000]
DEBUG      2015-11-15 17:06:41 fr.esigelec.garage.VoitureDAO:116 - Recuperation de l'ensemble de voitures existante...
DEBUG      2015-11-15 17:06:41 fr.esigelec.garage.VoitureDAO:121 - hql=from Voiture
DEBUG      2015-11-15 17:06:41 fr.esigelec.garage.VoitureDAO:125 - Recuperation est finie
DEBUG      2015-11-15 17:06:41 fr.esigelec.garage.VoitureDAO:54 - Suppression d'une voiture (avec idVoiture)...
DEBUG      2015-11-15 17:06:41 fr.esigelec.garage.VoitureDAO:55 - idVoiture=16
DEBUG      2015-11-15 17:06:41 fr.esigelec.garage.VoitureDAO:60 - hql=delete from Voiture where id = :idVoiture
DEBUG      2015-11-15 17:06:41 fr.esigelec.garage.VoitureDAO:66 - Suppresion est finie.
DEBUG      2015-11-15 17:06:41 fr.esigelec.garage.VoitureDAO:99 - Recuperation d'une voiture avec idVoiture=16...
DEBUG      2015-11-15 17:06:41 fr.esigelec.garage.VoitureDAO:105 - Recuperation est finie.
DEBUG      2015-11-15 17:06:41 fr.esigelec.garage.VoitureDAO:106 - v=null
DEBUG      2015-11-15 17:06:42 fr.esigelec.garage.VoitureDAO:24 - Ajout d'une voiture...
DEBUG      2015-11-15 17:06:42 fr.esigelec.garage.VoitureDAO:25 - Voiture [id=0, immatriculation=BT-099-JY, modele=207, anneeConstruction=2007, km=250000]
DEBUG      2015-11-15 17:06:42 fr.esigelec.garage.VoitureDAO:31 - Ajout est fini.
DEBUG      2015-11-15 17:06:42 fr.esigelec.garage.VoitureDAO:39 - Suppression d'une voiture...
DEBUG      2015-11-15 17:06:42 fr.esigelec.garage.VoitureDAO:40 - Voiture [id=17, immatriculation=BT-099-JY, modele=207, anneeConstruction=2007, km=250000]
DEBUG      2015-11-15 17:06:42 fr.esigelec.garage.VoitureDAO:46 - Suppression est finie.
DEBUG      2015-11-15 17:06:42 fr.esigelec.garage.VoitureDAO:99 - Recuperation d'une voiture avec idVoiture=17...
DEBUG      2015-11-15 17:06:42 fr.esigelec.garage.VoitureDAO:105 - Recuperation est finie.
DEBUG      2015-11-15 17:06:42 fr.esigelec.garage.VoitureDAO:106 - v=null
DEBUG      2015-11-15 17:11:23 fr.esigelec.garage.VoitureDAO:24 - Ajout d'une voiture...
DEBUG      2015-11-15 17:11:23 fr.esigelec.garage.VoitureDAO:25 - Voiture [id=0, immatriculation=BT-099-JY, modele=207, anneeConstruction=2007, km=250000]
DEBUG      2015-11-15 17:11:32 fr.esigelec.garage.VoitureDAO:31 - Ajout est fini.
DEBUG      2015-11-15 17:11:32 fr.esigelec.garage.VoitureDAO:99 - Recuperation d'une voiture avec idVoiture=18...
DEBUG      2015-11-15 17:11:32 fr.esigelec.garage.VoitureDAO:105 - Recuperation est finie.
DEBUG      2015-11-15 17:11:32 fr.esigelec.garage.VoitureDAO:106 - v=Voiture [id=18, immatriculation=BT-099-JY, modele=207, anneeConstruction=2007, km=250000]
DEBUG      2015-11-15 17:11:32 fr.esigelec.garage.VoitureDAO:116 - Recuperation de l'ensemble de voitures existante...
DEBUG      2015-11-15 17:11:32 fr.esigelec.garage.VoitureDAO:121 - hql=from Voiture
DEBUG      2015-11-15 17:11:33 fr.esigelec.garage.VoitureDAO:125 - Recuperation est finie
DEBUG      2015-11-15 17:11:33 fr.esigelec.garage.VoitureDAO:54 - Suppression d'une voiture (avec idVoiture)...
DEBUG      2015-11-15 17:11:33 fr.esigelec.garage.VoitureDAO:55 - idVoiture=18
DEBUG      2015-11-15 17:11:33 fr.esigelec.garage.VoitureDAO:60 - hql=delete from Voiture where id = :idVoiture
DEBUG      2015-11-15 17:11:33 fr.esigelec.garage.VoitureDAO:66 - Suppresion est finie.
DEBUG      2015-11-15 17:11:33 fr.esigelec.garage.VoitureDAO:99 - Recuperation d'une voiture avec idVoiture=18...
DEBUG      2015-11-15 17:11:33 fr.esigelec.garage.VoitureDAO:105 - Recuperation est finie.
DEBUG      2015-11-15 17:11:33 fr.esigelec.garage.VoitureDAO:106 - v=null
DEBUG      2015-11-15 17:11:33 fr.esigelec.garage.VoitureDAO:24 - Ajout d'une voiture...
DEBUG      2015-11-15 17:11:33 fr.esigelec.garage.VoitureDAO:25 - Voiture [id=0, immatriculation=AN-628-HJ, modele=SERIE 3, anneeConstruction=2003, km=380000]
DEBUG      2015-11-15 17:11:33 fr.esigelec.garage.VoitureDAO:31 - Ajout est fini.
DEBUG      2015-11-15 17:11:33 fr.esigelec.garage.VoitureDAO:39 - Suppression d'une voiture...
DEBUG      2015-11-15 17:11:33 fr.esigelec.garage.VoitureDAO:40 - Voiture [id=19, immatriculation=AN-628-HJ, modele=SERIE 3, anneeConstruction=2003, km=380000]
DEBUG      2015-11-15 17:11:33 fr.esigelec.garage.VoitureDAO:46 - Suppression est finie.
DEBUG      2015-11-15 17:11:33 fr.esigelec.garage.VoitureDAO:99 - Recuperation d'une voiture avec idVoiture=19...
DEBUG      2015-11-15 17:11:33 fr.esigelec.garage.VoitureDAO:105 - Recuperation est finie.
DEBUG      2015-11-15 17:11:33 fr.esigelec.garage.VoitureDAO:106 - v=null
DEBUG      2015-11-15 17:15:12 fr.esigelec.garage.VoitureDAO:24 - Ajout d'une voiture...
DEBUG      2015-11-15 17:15:12 fr.esigelec.garage.VoitureDAO:25 - Voiture [id=0, immatriculation=BT-099-JY, modele=207, anneeConstruction=2007, km=250000]
DEBUG      2015-11-15 17:15:20 fr.esigelec.garage.VoitureDAO:31 - Ajout est fini.
DEBUG      2015-11-15 17:15:20 fr.esigelec.garage.VoitureDAO:99 - Recuperation d'une voiture avec idVoiture=20...
DEBUG      2015-11-15 17:15:21 fr.esigelec.garage.VoitureDAO:105 - Recuperation est finie.
DEBUG      2015-11-15 17:15:21 fr.esigelec.garage.VoitureDAO:106 - v=Voiture [id=20, immatriculation=BT-099-JY, modele=207, anneeConstruction=2007, km=250000]
DEBUG      2015-11-15 17:15:21 fr.esigelec.garage.VoitureDAO:116 - Recuperation de l'ensemble de voitures existante...
DEBUG      2015-11-15 17:15:21 fr.esigelec.garage.VoitureDAO:121 - hql=from Voiture
DEBUG      2015-11-15 17:15:21 fr.esigelec.garage.VoitureDAO:125 - Recuperation est finie
DEBUG      2015-11-15 17:15:21 fr.esigelec.garage.VoitureDAO:75 - Maj la distance roulée...
DEBUG      2015-11-15 17:15:21 fr.esigelec.garage.VoitureDAO:76 - Voiture [id=20, immatriculation=BT-099-JY, modele=207, anneeConstruction=2007, km=250000]
DEBUG      2015-11-15 17:15:21 fr.esigelec.garage.VoitureDAO:77 - distance=300
DEBUG      2015-11-15 17:15:21 fr.esigelec.garage.VoitureDAO:83 - hql=update Voiture set km = :km where id = :id
DEBUG      2015-11-15 17:15:21 fr.esigelec.garage.VoitureDAO:90 - Maj est finie.
DEBUG      2015-11-15 17:15:21 fr.esigelec.garage.VoitureDAO:99 - Recuperation d'une voiture avec idVoiture=20...
DEBUG      2015-11-15 17:15:21 fr.esigelec.garage.VoitureDAO:105 - Recuperation est finie.
DEBUG      2015-11-15 17:15:21 fr.esigelec.garage.VoitureDAO:106 - v=Voiture [id=20, immatriculation=BT-099-JY, modele=207, anneeConstruction=2007, km=250300]
DEBUG      2015-11-15 17:15:21 fr.esigelec.garage.VoitureDAO:54 - Suppression d'une voiture (avec idVoiture)...
DEBUG      2015-11-15 17:15:21 fr.esigelec.garage.VoitureDAO:55 - idVoiture=20
DEBUG      2015-11-15 17:15:21 fr.esigelec.garage.VoitureDAO:60 - hql=delete from Voiture where id = :idVoiture
DEBUG      2015-11-15 17:15:21 fr.esigelec.garage.VoitureDAO:66 - Suppresion est finie.
DEBUG      2015-11-15 17:15:21 fr.esigelec.garage.VoitureDAO:99 - Recuperation d'une voiture avec idVoiture=20...
DEBUG      2015-11-15 17:15:21 fr.esigelec.garage.VoitureDAO:105 - Recuperation est finie.
DEBUG      2015-11-15 17:15:21 fr.esigelec.garage.VoitureDAO:106 - v=null
DEBUG      2015-11-15 17:15:21 fr.esigelec.garage.VoitureDAO:24 - Ajout d'une voiture...
DEBUG      2015-11-15 17:15:21 fr.esigelec.garage.VoitureDAO:25 - Voiture [id=0, immatriculation=AN-628-HJ, modele=SERIE 3, anneeConstruction=2003, km=380000]
DEBUG      2015-11-15 17:15:21 fr.esigelec.garage.VoitureDAO:31 - Ajout est fini.
DEBUG      2015-11-15 17:15:21 fr.esigelec.garage.VoitureDAO:39 - Suppression d'une voiture...
DEBUG      2015-11-15 17:15:21 fr.esigelec.garage.VoitureDAO:40 - Voiture [id=21, immatriculation=AN-628-HJ, modele=SERIE 3, anneeConstruction=2003, km=380000]
DEBUG      2015-11-15 17:15:21 fr.esigelec.garage.VoitureDAO:46 - Suppression est finie.
DEBUG      2015-11-15 17:15:21 fr.esigelec.garage.VoitureDAO:99 - Recuperation d'une voiture avec idVoiture=21...
DEBUG      2015-11-15 17:15:21 fr.esigelec.garage.VoitureDAO:105 - Recuperation est finie.
DEBUG      2015-11-15 17:15:21 fr.esigelec.garage.VoitureDAO:106 - v=null
DEBUG      2015-11-15 17:19:34 fr.esigelec.garage.VoitureDAO:24 - Ajout d'une voiture...
DEBUG      2015-11-15 17:19:34 fr.esigelec.garage.VoitureDAO:25 - Voiture [id=0, immatriculation=BT-099-JY, modele=207, anneeConstruction=2007, km=250000]
DEBUG      2015-11-15 17:19:43 fr.esigelec.garage.VoitureDAO:31 - Ajout est fini.
DEBUG      2015-11-15 17:19:43 fr.esigelec.garage.VoitureDAO:99 - Recuperation d'une voiture avec idVoiture=22...
DEBUG      2015-11-15 17:19:43 fr.esigelec.garage.VoitureDAO:105 - Recuperation est finie.
DEBUG      2015-11-15 17:19:43 fr.esigelec.garage.VoitureDAO:106 - v=Voiture [id=22, immatriculation=BT-099-JY, modele=207, anneeConstruction=2007, km=250000]
DEBUG      2015-11-15 17:19:43 fr.esigelec.garage.VoitureDAO:116 - Recuperation de l'ensemble de voitures existante...
DEBUG      2015-11-15 17:19:43 fr.esigelec.garage.VoitureDAO:121 - hql=from Voiture
DEBUG      2015-11-15 17:19:44 fr.esigelec.garage.VoitureDAO:125 - Recuperation est finie
DEBUG      2015-11-15 17:19:44 fr.esigelec.garage.VoitureDAO:75 - Maj la distance roulée...
DEBUG      2015-11-15 17:19:44 fr.esigelec.garage.VoitureDAO:76 - Voiture [id=22, immatriculation=BT-099-JY, modele=207, anneeConstruction=2007, km=250000]
DEBUG      2015-11-15 17:19:44 fr.esigelec.garage.VoitureDAO:77 - distance=300
DEBUG      2015-11-15 17:19:44 fr.esigelec.garage.VoitureDAO:83 - hql=update Voiture set km = :km where id = :id
DEBUG      2015-11-15 17:19:44 fr.esigelec.garage.VoitureDAO:90 - Maj est finie.
DEBUG      2015-11-15 17:19:44 fr.esigelec.garage.VoitureDAO:99 - Recuperation d'une voiture avec idVoiture=22...
DEBUG      2015-11-15 17:19:44 fr.esigelec.garage.VoitureDAO:105 - Recuperation est finie.
DEBUG      2015-11-15 17:19:44 fr.esigelec.garage.VoitureDAO:106 - v=Voiture [id=22, immatriculation=BT-099-JY, modele=207, anneeConstruction=2007, km=250300]
DEBUG      2015-11-15 17:19:44 fr.esigelec.garage.VoitureDAO:54 - Suppression d'une voiture (avec idVoiture)...
DEBUG      2015-11-15 17:19:44 fr.esigelec.garage.VoitureDAO:55 - idVoiture=22
DEBUG      2015-11-15 17:19:44 fr.esigelec.garage.VoitureDAO:60 - hql=delete from Voiture where id = :idVoiture
DEBUG      2015-11-15 17:19:44 fr.esigelec.garage.VoitureDAO:66 - Suppresion est finie.
DEBUG      2015-11-15 17:19:44 fr.esigelec.garage.VoitureDAO:99 - Recuperation d'une voiture avec idVoiture=22...
DEBUG      2015-11-15 17:19:44 fr.esigelec.garage.VoitureDAO:105 - Recuperation est finie.
DEBUG      2015-11-15 17:19:44 fr.esigelec.garage.VoitureDAO:106 - v=null
DEBUG      2015-11-15 17:19:44 fr.esigelec.garage.VoitureDAO:24 - Ajout d'une voiture...
DEBUG      2015-11-15 17:19:44 fr.esigelec.garage.VoitureDAO:25 - Voiture [id=0, immatriculation=AN-628-HJ, modele=SERIE 3, anneeConstruction=2003, km=380000]
DEBUG      2015-11-15 17:19:44 fr.esigelec.garage.VoitureDAO:31 - Ajout est fini.
DEBUG      2015-11-15 17:19:44 fr.esigelec.garage.VoitureDAO:39 - Suppression d'une voiture...
DEBUG      2015-11-15 17:19:44 fr.esigelec.garage.VoitureDAO:40 - Voiture [id=23, immatriculation=AN-628-HJ, modele=SERIE 3, anneeConstruction=2003, km=380000]
DEBUG      2015-11-15 17:19:44 fr.esigelec.garage.VoitureDAO:46 - Suppression est finie.
DEBUG      2015-11-15 17:19:44 fr.esigelec.garage.VoitureDAO:99 - Recuperation d'une voiture avec idVoiture=23...
DEBUG      2015-11-15 17:19:44 fr.esigelec.garage.VoitureDAO:105 - Recuperation est finie.
DEBUG      2015-11-15 17:19:44 fr.esigelec.garage.VoitureDAO:106 - v=null
DEBUG      2015-11-15 17:20:46 fr.esigelec.garage.VoitureDAO:24 - Ajout d'une voiture...
DEBUG      2015-11-15 17:20:46 fr.esigelec.garage.VoitureDAO:25 - Voiture [id=0, immatriculation=BT-099-JY, modele=207, anneeConstruction=2007, km=250000]
DEBUG      2015-11-15 17:20:54 fr.esigelec.garage.VoitureDAO:31 - Ajout est fini.
DEBUG      2015-11-15 17:20:54 fr.esigelec.garage.VoitureDAO:99 - Recuperation d'une voiture avec idVoiture=24...
DEBUG      2015-11-15 17:20:54 fr.esigelec.garage.VoitureDAO:105 - Recuperation est finie.
DEBUG      2015-11-15 17:20:54 fr.esigelec.garage.VoitureDAO:106 - v=Voiture [id=24, immatriculation=BT-099-JY, modele=207, anneeConstruction=2007, km=250000]
DEBUG      2015-11-15 17:20:54 fr.esigelec.garage.VoitureDAO:116 - Recuperation de l'ensemble de voitures existante...
DEBUG      2015-11-15 17:20:54 fr.esigelec.garage.VoitureDAO:121 - hql=from Voiture
DEBUG      2015-11-15 17:20:55 fr.esigelec.garage.VoitureDAO:125 - Recuperation est finie
DEBUG      2015-11-15 17:20:55 fr.esigelec.garage.VoitureDAO:75 - Maj la distance roulée...
DEBUG      2015-11-15 17:20:55 fr.esigelec.garage.VoitureDAO:76 - Voiture [id=24, immatriculation=BT-099-JY, modele=207, anneeConstruction=2007, km=250000]
DEBUG      2015-11-15 17:20:55 fr.esigelec.garage.VoitureDAO:77 - distance=300
DEBUG      2015-11-15 17:20:55 fr.esigelec.garage.VoitureDAO:83 - hql=update Voiture set km = :km where id = :id
DEBUG      2015-11-15 17:20:55 fr.esigelec.garage.VoitureDAO:90 - Maj est finie.
DEBUG      2015-11-15 17:20:55 fr.esigelec.garage.VoitureDAO:99 - Recuperation d'une voiture avec idVoiture=24...
DEBUG      2015-11-15 17:20:55 fr.esigelec.garage.VoitureDAO:105 - Recuperation est finie.
DEBUG      2015-11-15 17:20:55 fr.esigelec.garage.VoitureDAO:106 - v=Voiture [id=24, immatriculation=BT-099-JY, modele=207, anneeConstruction=2007, km=250300]
DEBUG      2015-11-15 17:20:55 fr.esigelec.garage.VoitureDAO:54 - Suppression d'une voiture (avec idVoiture)...
DEBUG      2015-11-15 17:20:55 fr.esigelec.garage.VoitureDAO:55 - idVoiture=24
DEBUG      2015-11-15 17:20:55 fr.esigelec.garage.VoitureDAO:60 - hql=delete from Voiture where id = :idVoiture
DEBUG      2015-11-15 17:20:55 fr.esigelec.garage.VoitureDAO:66 - Suppresion est finie.
DEBUG      2015-11-15 17:20:55 fr.esigelec.garage.VoitureDAO:99 - Recuperation d'une voiture avec idVoiture=24...
DEBUG      2015-11-15 17:20:55 fr.esigelec.garage.VoitureDAO:105 - Recuperation est finie.
DEBUG      2015-11-15 17:20:55 fr.esigelec.garage.VoitureDAO:106 - v=null
DEBUG      2015-11-15 17:20:55 fr.esigelec.garage.VoitureDAO:24 - Ajout d'une voiture...
DEBUG      2015-11-15 17:20:55 fr.esigelec.garage.VoitureDAO:25 - Voiture [id=0, immatriculation=AN-628-HJ, modele=SERIE 3, anneeConstruction=2003, km=380000]
DEBUG      2015-11-15 17:20:55 fr.esigelec.garage.VoitureDAO:31 - Ajout est fini.
DEBUG      2015-11-15 17:20:55 fr.esigelec.garage.VoitureDAO:39 - Suppression d'une voiture...
DEBUG      2015-11-15 17:20:55 fr.esigelec.garage.VoitureDAO:40 - Voiture [id=25, immatriculation=AN-628-HJ, modele=SERIE 3, anneeConstruction=2003, km=380000]
DEBUG      2015-11-15 17:20:55 fr.esigelec.garage.VoitureDAO:46 - Suppression est finie.
DEBUG      2015-11-15 17:20:55 fr.esigelec.garage.VoitureDAO:99 - Recuperation d'une voiture avec idVoiture=25...
DEBUG      2015-11-15 17:20:55 fr.esigelec.garage.VoitureDAO:105 - Recuperation est finie.
DEBUG      2015-11-15 17:20:55 fr.esigelec.garage.VoitureDAO:106 - v=null
DEBUG      2015-11-16 10:36:11 fr.esigelec.garage.VoitureDAO:24 - Ajout d'une voiture...
DEBUG      2015-11-16 10:36:11 fr.esigelec.garage.VoitureDAO:25 - Voiture [id=0, immatriculation=BT-099-JY, modele=207, anneeConstruction=2007, km=250000]
DEBUG      2015-11-16 10:36:17 fr.esigelec.garage.VoitureDAO:99 - Recuperation d'une voiture avec idVoiture=0...
DEBUG      2015-11-16 10:36:18 fr.esigelec.garage.VoitureDAO:116 - Recuperation de l'ensemble de voitures existante...
DEBUG      2015-11-16 10:36:18 fr.esigelec.garage.VoitureDAO:75 - Maj la distance roulée...
DEBUG      2015-11-16 10:36:18 fr.esigelec.garage.VoitureDAO:76 - Voiture [id=0, immatriculation=BT-099-JY, modele=207, anneeConstruction=2007, km=250000]
DEBUG      2015-11-16 10:36:18 fr.esigelec.garage.VoitureDAO:77 - distance=300
DEBUG      2015-11-16 10:36:18 fr.esigelec.garage.VoitureDAO:54 - Suppression d'une voiture (avec idVoiture)...
DEBUG      2015-11-16 10:36:18 fr.esigelec.garage.VoitureDAO:55 - idVoiture=0
DEBUG      2015-11-16 10:36:18 fr.esigelec.garage.VoitureDAO:24 - Ajout d'une voiture...
DEBUG      2015-11-16 10:36:18 fr.esigelec.garage.VoitureDAO:25 - Voiture [id=0, immatriculation=AN-628-HJ, modele=SERIE 3, anneeConstruction=2003, km=380000]
DEBUG      2015-11-16 10:37:01 fr.esigelec.garage.VoitureDAO:24 - Ajout d'une voiture...
DEBUG      2015-11-16 10:37:01 fr.esigelec.garage.VoitureDAO:25 - Voiture [id=0, immatriculation=BT-099-JY, modele=207, anneeConstruction=2007, km=250000]
DEBUG      2015-11-16 10:37:09 fr.esigelec.garage.VoitureDAO:31 - Ajout est fini.
DEBUG      2015-11-16 10:37:09 fr.esigelec.garage.VoitureDAO:99 - Recuperation d'une voiture avec idVoiture=26...
DEBUG      2015-11-16 10:37:10 fr.esigelec.garage.VoitureDAO:105 - Recuperation est finie.
DEBUG      2015-11-16 10:37:10 fr.esigelec.garage.VoitureDAO:106 - v=Voiture [id=26, immatriculation=BT-099-JY, modele=207, anneeConstruction=2007, km=250000]
DEBUG      2015-11-16 10:37:10 fr.esigelec.garage.VoitureDAO:116 - Recuperation de l'ensemble de voitures existante...
DEBUG      2015-11-16 10:37:10 fr.esigelec.garage.VoitureDAO:121 - hql=from Voiture
DEBUG      2015-11-16 10:37:10 fr.esigelec.garage.VoitureDAO:125 - Recuperation est finie
DEBUG      2015-11-16 10:37:10 fr.esigelec.garage.VoitureDAO:75 - Maj la distance roulée...
DEBUG      2015-11-16 10:37:10 fr.esigelec.garage.VoitureDAO:76 - Voiture [id=26, immatriculation=BT-099-JY, modele=207, anneeConstruction=2007, km=250000]
DEBUG      2015-11-16 10:37:10 fr.esigelec.garage.VoitureDAO:77 - distance=300
DEBUG      2015-11-16 10:37:10 fr.esigelec.garage.VoitureDAO:83 - hql=update Voiture set km = :km where id = :id
DEBUG      2015-11-16 10:37:10 fr.esigelec.garage.VoitureDAO:90 - Maj est finie.
DEBUG      2015-11-16 10:37:10 fr.esigelec.garage.VoitureDAO:99 - Recuperation d'une voiture avec idVoiture=26...
DEBUG      2015-11-16 10:37:10 fr.esigelec.garage.VoitureDAO:105 - Recuperation est finie.
DEBUG      2015-11-16 10:37:10 fr.esigelec.garage.VoitureDAO:106 - v=Voiture [id=26, immatriculation=BT-099-JY, modele=207, anneeConstruction=2007, km=250300]
DEBUG      2015-11-16 10:37:10 fr.esigelec.garage.VoitureDAO:54 - Suppression d'une voiture (avec idVoiture)...
DEBUG      2015-11-16 10:37:10 fr.esigelec.garage.VoitureDAO:55 - idVoiture=26
DEBUG      2015-11-16 10:37:10 fr.esigelec.garage.VoitureDAO:60 - hql=delete from Voiture where id = :idVoiture
DEBUG      2015-11-16 10:37:10 fr.esigelec.garage.VoitureDAO:66 - Suppresion est finie.
DEBUG      2015-11-16 10:37:10 fr.esigelec.garage.VoitureDAO:99 - Recuperation d'une voiture avec idVoiture=26...
DEBUG      2015-11-16 10:37:10 fr.esigelec.garage.VoitureDAO:105 - Recuperation est finie.
DEBUG      2015-11-16 10:37:10 fr.esigelec.garage.VoitureDAO:106 - v=null
DEBUG      2015-11-16 10:37:10 fr.esigelec.garage.VoitureDAO:24 - Ajout d'une voiture...
DEBUG      2015-11-16 10:37:10 fr.esigelec.garage.VoitureDAO:25 - Voiture [id=0, immatriculation=AN-628-HJ, modele=SERIE 3, anneeConstruction=2003, km=380000]
DEBUG      2015-11-16 10:37:10 fr.esigelec.garage.VoitureDAO:31 - Ajout est fini.
DEBUG      2015-11-16 10:37:10 fr.esigelec.garage.VoitureDAO:39 - Suppression d'une voiture...
DEBUG      2015-11-16 10:37:10 fr.esigelec.garage.VoitureDAO:40 - Voiture [id=27, immatriculation=AN-628-HJ, modele=SERIE 3, anneeConstruction=2003, km=380000]
DEBUG      2015-11-16 10:37:10 fr.esigelec.garage.VoitureDAO:46 - Suppression est finie.
DEBUG      2015-11-16 10:37:10 fr.esigelec.garage.VoitureDAO:99 - Recuperation d'une voiture avec idVoiture=27...
DEBUG      2015-11-16 10:37:10 fr.esigelec.garage.VoitureDAO:105 - Recuperation est finie.
DEBUG      2015-11-16 10:37:10 fr.esigelec.garage.VoitureDAO:106 - v=null
DEBUG      2015-11-22 10:11:05 fr.esigelec.garage.VoitureDAO:24 - Ajout d'une voiture...
DEBUG      2015-11-22 10:11:05 fr.esigelec.garage.VoitureDAO:25 - Voiture [id=0, immatriculation=BT-099-JY, modele=207, anneeConstruction=2007, km=250000]
DEBUG      2015-11-22 10:11:14 fr.esigelec.garage.VoitureDAO:99 - Recuperation d'une voiture avec idVoiture=0...
DEBUG      2015-11-22 10:11:14 fr.esigelec.garage.VoitureDAO:116 - Recuperation de l'ensemble de voitures existante...
DEBUG      2015-11-22 10:11:14 fr.esigelec.garage.VoitureDAO:75 - Maj la distance roulée...
DEBUG      2015-11-22 10:11:14 fr.esigelec.garage.VoitureDAO:76 - Voiture [id=0, immatriculation=BT-099-JY, modele=207, anneeConstruction=2007, km=250000]
DEBUG      2015-11-22 10:11:14 fr.esigelec.garage.VoitureDAO:77 - distance=300
DEBUG      2015-11-22 10:11:14 fr.esigelec.garage.VoitureDAO:54 - Suppression d'une voiture (avec idVoiture)...
DEBUG      2015-11-22 10:11:14 fr.esigelec.garage.VoitureDAO:55 - idVoiture=0
DEBUG      2015-11-22 10:11:14 fr.esigelec.garage.VoitureDAO:24 - Ajout d'une voiture...
DEBUG      2015-11-22 10:11:14 fr.esigelec.garage.VoitureDAO:25 - Voiture [id=0, immatriculation=AN-628-HJ, modele=SERIE 3, anneeConstruction=2003, km=380000]
